#
# There is insufficient memory for the Java Runtime Environment to continue.
# Native memory allocation (malloc) failed to allocate 21757952 bytes for committing reserved memory.
# Possible reasons:
#   The system is out of physical RAM or swap space
#   In 32 bit mode, the process size limit was hit
# Possible solutions:
#   Reduce memory load on the system
#   Increase physical memory or swap space
#   Check if swap backing store is full
#   Use 64 bit Java on a 64 bit OS
#   Decrease Java heap size (-Xmx/-Xms)
#   Decrease number of Java threads
#   Decrease Java thread stack sizes (-Xss)
#   Set larger code cache with -XX:ReservedCodeCacheSize=
# This output file may be truncated or incomplete.
#
#  Out of Memory Error (os_linux.cpp:2798), pid=14420, tid=140004623288064
#
# JRE version:  (7.0_75-b13) (build )
# Java VM: OpenJDK 64-Bit Server VM (24.75-b04 mixed mode linux-amd64 compressed oops)
# Derivative: IcedTea 2.5.4
# Distribution: Ubuntu 14.04 LTS, package 7u75-2.5.4-1~trusty1
# Failed to write core dump. Core dumps have been disabled. To enable core dumping, try "ulimit -c unlimited" before starting Java again
#

---------------  T H R E A D  ---------------

Current thread (0x00007f555400a000):  JavaThread "Unknown thread" [_thread_in_vm, id=14421, stack(0x00007f555dc68000,0x00007f555dd69000)]

Stack: [0x00007f555dc68000,0x00007f555dd69000],  sp=0x00007f555dd670e0,  free space=1020k
Native frames: (J=compiled Java code, j=interpreted, Vv=VM code, C=native code)
V  [libjvm.so+0x94a9d5]  VMError::report_and_die()+0x175
V  [libjvm.so+0x48b954]  report_vm_out_of_memory(char const*, int, unsigned long, char const*)+0x74
V  [libjvm.so+0x7c7b7b]  os::pd_commit_memory(char*, unsigned long, unsigned long, bool)+0xeb
V  [libjvm.so+0x7c263f]  os::commit_memory(char*, unsigned long, unsigned long, bool)+0x1f
V  [libjvm.so+0x9478c4]  VirtualSpace::expand_by(unsigned long, bool)+0x1c4
V  [libjvm.so+0x56241b]  CardGeneration::CardGeneration(ReservedSpace, unsigned long, int, GenRemSet*)+0x11b
V  [libjvm.so+0x430fb2]  CompactingPermGenGen::CompactingPermGenGen(ReservedSpace, ReservedSpace, unsigned long, int, GenRemSet*, ContiguousSpace*, PermanentGenerationSpec*)+0xa0
V  [libjvm.so+0x80e3fc]  CompactingPermGen::CompactingPermGen(ReservedSpace, ReservedSpace, unsigned long, GenRemSet*, PermanentGenerationSpec*)+0x16c
V  [libjvm.so+0x563744]  PermanentGenerationSpec::init(ReservedSpace, unsigned long, GenRemSet*)+0x2b4
V  [libjvm.so+0x55526d]  GenCollectedHeap::initialize()+0x45d
V  [libjvm.so+0x91b447]  Universe::initialize_heap()+0xc7
V  [libjvm.so+0x91b777]  universe_init()+0x67
V  [libjvm.so+0x59d1d5]  init_globals()+0x55
V  [libjvm.so+0x8fe15f]  Threads::create_vm(JavaVMInitArgs*, bool*)+0x35f
V  [libjvm.so+0x608554]  JNI_CreateJavaVM+0x54
C  [libjli.so+0x2b48]


---------------  P R O C E S S  ---------------

Java Threads: ( => current thread )

Other Threads:

=>0x00007f555400a000 (exited) JavaThread "Unknown thread" [_thread_in_vm, id=14421, stack(0x00007f555dc68000,0x00007f555dd69000)]

VM state:not at safepoint (not fully initialized)

VM Mutex/Monitor currently owned by a thread: None

GC Heap History (0 events):
No events

Deoptimization events (0 events):
No events

Internal exceptions (0 events):
No events

Events (0 events):
No events


Dynamic libraries:
00400000-00401000 r-xp 00000000 ca:01 290470                             /usr/lib/jvm/java-7-openjdk-amd64/jre/bin/java
00600000-00601000 r--p 00000000 ca:01 290470                             /usr/lib/jvm/java-7-openjdk-amd64/jre/bin/java
00601000-00602000 rw-p 00001000 ca:01 290470                             /usr/lib/jvm/java-7-openjdk-amd64/jre/bin/java
02448000-02469000 rw-p 00000000 00:00 0                                  [heap]
d6800000-d6d30000 rw-p 00000000 00:00 0 
d6d30000-e0e00000 rw-p 00000000 00:00 0 
e0e00000-e1860000 rw-p 00000000 00:00 0 
e1860000-f5a00000 rw-p 00000000 00:00 0 
f6ec0000-100000000 rw-p 00000000 00:00 0 
7f5551000000-7f5551270000 rwxp 00000000 00:00 0 
7f5551270000-7f5554025000 rw-p 00000000 00:00 0 
7f5554025000-7f5558000000 ---p 00000000 00:00 0 
7f555a46b000-7f555a6ab000 rw-p 00000000 00:00 0 
7f555a6ab000-7f555a74c000 rw-p 00000000 00:00 0 
7f555a74c000-7f555a74f000 rw-p 00000000 00:00 0 
7f555a74f000-7f555a79f000 rw-p 00000000 00:00 0 
7f555a79f000-7f555a7a5000 rw-p 00000000 00:00 0 
7f555a7a5000-7f555a898000 rw-p 00000000 00:00 0 
7f555a898000-7f555a899000 rw-p 00000000 00:00 0 
7f555a899000-7f555a8a1000 r-xp 00000000 ca:01 290466                     /usr/lib/jvm/java-7-openjdk-amd64/jre/lib/amd64/libzip.so
7f555a8a1000-7f555aaa0000 ---p 00008000 ca:01 290466                     /usr/lib/jvm/java-7-openjdk-amd64/jre/lib/amd64/libzip.so
7f555aaa0000-7f555aaa1000 r--p 00007000 ca:01 290466                     /usr/lib/jvm/java-7-openjdk-amd64/jre/lib/amd64/libzip.so
7f555aaa1000-7f555aaa2000 rw-p 00008000 ca:01 290466                     /usr/lib/jvm/java-7-openjdk-amd64/jre/lib/amd64/libzip.so
7f555aaa2000-7f555aaad000 r-xp 00000000 ca:01 397854                     /lib/x86_64-linux-gnu/libnss_files-2.19.so
7f555aaad000-7f555acac000 ---p 0000b000 ca:01 397854                     /lib/x86_64-linux-gnu/libnss_files-2.19.so
7f555acac000-7f555acad000 r--p 0000a000 ca:01 397854                     /lib/x86_64-linux-gnu/libnss_files-2.19.so
7f555acad000-7f555acae000 rw-p 0000b000 ca:01 397854                     /lib/x86_64-linux-gnu/libnss_files-2.19.so
7f555acae000-7f555acb9000 r-xp 00000000 ca:01 397894                     /lib/x86_64-linux-gnu/libnss_nis-2.19.so
7f555acb9000-7f555aeb8000 ---p 0000b000 ca:01 397894                     /lib/x86_64-linux-gnu/libnss_nis-2.19.so
7f555aeb8000-7f555aeb9000 r--p 0000a000 ca:01 397894                     /lib/x86_64-linux-gnu/libnss_nis-2.19.so
7f555aeb9000-7f555aeba000 rw-p 0000b000 ca:01 397894                     /lib/x86_64-linux-gnu/libnss_nis-2.19.so
7f555aeba000-7f555aed1000 r-xp 00000000 ca:01 397871                     /lib/x86_64-linux-gnu/libnsl-2.19.so
7f555aed1000-7f555b0d0000 ---p 00017000 ca:01 397871                     /lib/x86_64-linux-gnu/libnsl-2.19.so
7f555b0d0000-7f555b0d1000 r--p 00016000 ca:01 397871                     /lib/x86_64-linux-gnu/libnsl-2.19.so
7f555b0d1000-7f555b0d2000 rw-p 00017000 ca:01 397871                     /lib/x86_64-linux-gnu/libnsl-2.19.so
7f555b0d2000-7f555b0d4000 rw-p 00000000 00:00 0 
7f555b0d4000-7f555b0dd000 r-xp 00000000 ca:01 397870                     /lib/x86_64-linux-gnu/libnss_compat-2.19.so
7f555b0dd000-7f555b2dc000 ---p 00009000 ca:01 397870                     /lib/x86_64-linux-gnu/libnss_compat-2.19.so
7f555b2dc000-7f555b2dd000 r--p 00008000 ca:01 397870                     /lib/x86_64-linux-gnu/libnss_compat-2.19.so
7f555b2dd000-7f555b2de000 rw-p 00009000 ca:01 397870                     /lib/x86_64-linux-gnu/libnss_compat-2.19.so
7f555b2de000-7f555b309000 r-xp 00000000 ca:01 290450                     /usr/lib/jvm/java-7-openjdk-amd64/jre/lib/amd64/libjava.so
7f555b309000-7f555b509000 ---p 0002b000 ca:01 290450                     /usr/lib/jvm/java-7-openjdk-amd64/jre/lib/amd64/libjava.so
7f555b509000-7f555b50a000 r--p 0002b000 ca:01 290450                     /usr/lib/jvm/java-7-openjdk-amd64/jre/lib/amd64/libjava.so
7f555b50a000-7f555b50c000 rw-p 0002c000 ca:01 290450                     /usr/lib/jvm/java-7-openjdk-amd64/jre/lib/amd64/libjava.so
7f555b50c000-7f555b51c000 r-xp 00000000 ca:01 290449                     /usr/lib/jvm/java-7-openjdk-amd64/jre/lib/amd64/libverify.so
7f555b51c000-7f555b71b000 ---p 00010000 ca:01 290449                     /usr/lib/jvm/java-7-openjdk-amd64/jre/lib/amd64/libverify.so
7f555b71b000-7f555b71d000 r--p 0000f000 ca:01 290449                     /usr/lib/jvm/java-7-openjdk-amd64/jre/lib/amd64/libverify.so
7f555b71d000-7f555b71e000 rw-p 00011000 ca:01 290449                     /usr/lib/jvm/java-7-openjdk-amd64/jre/lib/amd64/libverify.so
7f555b71e000-7f555b725000 r-xp 00000000 ca:01 397887                     /lib/x86_64-linux-gnu/librt-2.19.so
7f555b725000-7f555b924000 ---p 00007000 ca:01 397887                     /lib/x86_64-linux-gnu/librt-2.19.so
7f555b924000-7f555b925000 r--p 00006000 ca:01 397887                     /lib/x86_64-linux-gnu/librt-2.19.so
7f555b925000-7f555b926000 rw-p 00007000 ca:01 397887                     /lib/x86_64-linux-gnu/librt-2.19.so
7f555b926000-7f555b93c000 r-xp 00000000 ca:01 396027                     /lib/x86_64-linux-gnu/libgcc_s.so.1
7f555b93c000-7f555bb3b000 ---p 00016000 ca:01 396027                     /lib/x86_64-linux-gnu/libgcc_s.so.1
7f555bb3b000-7f555bb3c000 rw-p 00015000 ca:01 396027                     /lib/x86_64-linux-gnu/libgcc_s.so.1
7f555bb3c000-7f555bc41000 r-xp 00000000 ca:01 397851                     /lib/x86_64-linux-gnu/libm-2.19.so
7f555bc41000-7f555be40000 ---p 00105000 ca:01 397851                     /lib/x86_64-linux-gnu/libm-2.19.so
7f555be40000-7f555be41000 r--p 00104000 ca:01 397851                     /lib/x86_64-linux-gnu/libm-2.19.so
7f555be41000-7f555be42000 rw-p 00105000 ca:01 397851                     /lib/x86_64-linux-gnu/libm-2.19.so
7f555be42000-7f555bf28000 r-xp 00000000 ca:01 8131                       /usr/lib/x86_64-linux-gnu/libstdc++.so.6.0.19
7f555bf28000-7f555c127000 ---p 000e6000 ca:01 8131                       /usr/lib/x86_64-linux-gnu/libstdc++.so.6.0.19
7f555c127000-7f555c12f000 r--p 000e5000 ca:01 8131                       /usr/lib/x86_64-linux-gnu/libstdc++.so.6.0.19
7f555c12f000-7f555c131000 rw-p 000ed000 ca:01 8131                       /usr/lib/x86_64-linux-gnu/libstdc++.so.6.0.19
7f555c131000-7f555c146000 rw-p 00000000 00:00 0 
7f555c146000-7f555cc5e000 r-xp 00000000 ca:01 290455                     /usr/lib/jvm/java-7-openjdk-amd64/jre/lib/amd64/server/libjvm.so
7f555cc5e000-7f555ce5e000 ---p 00b18000 ca:01 290455                     /usr/lib/jvm/java-7-openjdk-amd64/jre/lib/amd64/server/libjvm.so
7f555ce5e000-7f555cef8000 r--p 00b18000 ca:01 290455                     /usr/lib/jvm/java-7-openjdk-amd64/jre/lib/amd64/server/libjvm.so
7f555cef8000-7f555cf1b000 rw-p 00bb2000 ca:01 290455                     /usr/lib/jvm/java-7-openjdk-amd64/jre/lib/amd64/server/libjvm.so
7f555cf1b000-7f555cf49000 rw-p 00000000 00:00 0 
7f555cf49000-7f555cf61000 r-xp 00000000 ca:01 396086                     /lib/x86_64-linux-gnu/libz.so.1.2.8
7f555cf61000-7f555d160000 ---p 00018000 ca:01 396086                     /lib/x86_64-linux-gnu/libz.so.1.2.8
7f555d160000-7f555d161000 r--p 00017000 ca:01 396086                     /lib/x86_64-linux-gnu/libz.so.1.2.8
7f555d161000-7f555d162000 rw-p 00018000 ca:01 396086                     /lib/x86_64-linux-gnu/libz.so.1.2.8
7f555d162000-7f555d17b000 r-xp 00000000 ca:01 397883                     /lib/x86_64-linux-gnu/libpthread-2.19.so
7f555d17b000-7f555d37a000 ---p 00019000 ca:01 397883                     /lib/x86_64-linux-gnu/libpthread-2.19.so
7f555d37a000-7f555d37b000 r--p 00018000 ca:01 397883                     /lib/x86_64-linux-gnu/libpthread-2.19.so
7f555d37b000-7f555d37c000 rw-p 00019000 ca:01 397883                     /lib/x86_64-linux-gnu/libpthread-2.19.so
7f555d37c000-7f555d380000 rw-p 00000000 00:00 0 
7f555d380000-7f555d383000 r-xp 00000000 ca:01 397859                     /lib/x86_64-linux-gnu/libdl-2.19.so
7f555d383000-7f555d582000 ---p 00003000 ca:01 397859                     /lib/x86_64-linux-gnu/libdl-2.19.so
7f555d582000-7f555d583000 r--p 00002000 ca:01 397859                     /lib/x86_64-linux-gnu/libdl-2.19.so
7f555d583000-7f555d584000 rw-p 00003000 ca:01 397859                     /lib/x86_64-linux-gnu/libdl-2.19.so
7f555d584000-7f555d73f000 r-xp 00000000 ca:01 397882                     /lib/x86_64-linux-gnu/libc-2.19.so
7f555d73f000-7f555d93e000 ---p 001bb000 ca:01 397882                     /lib/x86_64-linux-gnu/libc-2.19.so
7f555d93e000-7f555d942000 r--p 001ba000 ca:01 397882                     /lib/x86_64-linux-gnu/libc-2.19.so
7f555d942000-7f555d944000 rw-p 001be000 ca:01 397882                     /lib/x86_64-linux-gnu/libc-2.19.so
7f555d944000-7f555d949000 rw-p 00000000 00:00 0 
7f555d949000-7f555d956000 r-xp 00000000 ca:01 290431                     /usr/lib/jvm/java-7-openjdk-amd64/jre/lib/amd64/jli/libjli.so
7f555d956000-7f555db55000 ---p 0000d000 ca:01 290431                     /usr/lib/jvm/java-7-openjdk-amd64/jre/lib/amd64/jli/libjli.so
7f555db55000-7f555db56000 r--p 0000c000 ca:01 290431                     /usr/lib/jvm/java-7-openjdk-amd64/jre/lib/amd64/jli/libjli.so
7f555db56000-7f555db57000 rw-p 0000d000 ca:01 290431                     /usr/lib/jvm/java-7-openjdk-amd64/jre/lib/amd64/jli/libjli.so
7f555db57000-7f555db7a000 r-xp 00000000 ca:01 397875                     /lib/x86_64-linux-gnu/ld-2.19.so
7f555dba0000-7f555dbaa000 rw-p 00000000 00:00 0 
7f555dbaa000-7f555dc60000 rw-p 00000000 00:00 0 
7f555dc60000-7f555dc68000 rw-s 00000000 ca:01 33969                      /tmp/hsperfdata_www-data/14420
7f555dc68000-7f555dc6b000 ---p 00000000 00:00 0 
7f555dc6b000-7f555dd6e000 rw-p 00000000 00:00 0                          [stack:14421]
7f555dd73000-7f555dd76000 rw-p 00000000 00:00 0 
7f555dd76000-7f555dd77000 r--p 00000000 00:00 0 
7f555dd77000-7f555dd79000 rw-p 00000000 00:00 0 
7f555dd79000-7f555dd7a000 r--p 00022000 ca:01 397875                     /lib/x86_64-linux-gnu/ld-2.19.so
7f555dd7a000-7f555dd7b000 rw-p 00023000 ca:01 397875                     /lib/x86_64-linux-gnu/ld-2.19.so
7f555dd7b000-7f555dd7c000 rw-p 00000000 00:00 0 
7fff88fb0000-7fff88fd1000 rw-p 00000000 00:00 0                          [stack]
7fff88fe8000-7fff88fea000 r-xp 00000000 00:00 0                          [vdso]
ffffffffff600000-ffffffffff601000 r-xp 00000000 00:00 0                  [vsyscall]

VM Arguments:
jvm_args: -Dfile.encoding=utf-8 
java_command: /home/ubuntu/Widoco/JAR/widoco-0.0.1-jar-with-dependencies.jar -oops -ontFile /home/ubuntu/temp/peter.midford@gmail.com/EthanConcepts.owl -outFolder /home/ubuntu/temp/peter.midford@gmail.com/OnToology/EthanConcepts.owl/evaluation
Launcher Type: SUN_STANDARD

Environment Variables:
PATH=/usr/local/sbin:/usr/local/bin:/usr/sbin:/usr/bin:/sbin:/bin

Signal Handlers:
SIGSEGV: [libjvm.so+0x94b4b0], sa_mask[0]=0x7ffbfeff, sa_flags=0x10000004
SIGBUS: [libjvm.so+0x94b4b0], sa_mask[0]=0x7ffbfeff, sa_flags=0x10000004
SIGFPE: [libjvm.so+0x7c3390], sa_mask[0]=0x7ffbfeff, sa_flags=0x10000004
SIGPIPE: [libjvm.so+0x7c3390], sa_mask[0]=0x7ffbfeff, sa_flags=0x10000004
SIGXFSZ: [libjvm.so+0x7c3390], sa_mask[0]=0x7ffbfeff, sa_flags=0x10000004
SIGILL: [libjvm.so+0x7c3390], sa_mask[0]=0x7ffbfeff, sa_flags=0x10000004
SIGUSR1: SIG_DFL, sa_mask[0]=0x00000000, sa_flags=0x00000000
SIGUSR2: [libjvm.so+0x7c3230], sa_mask[0]=0x3ffbe207, sa_flags=0x10000004
SIGHUP: SIG_DFL, sa_mask[0]=0x00000000, sa_flags=0x00000000
SIGINT: SIG_DFL, sa_mask[0]=0x00000000, sa_flags=0x00000000
SIGTERM: SIG_DFL, sa_mask[0]=0x00000000, sa_flags=0x00000000
SIGQUIT: SIG_DFL, sa_mask[0]=0x00000000, sa_flags=0x00000000
SIGTRAP: SIG_DFL, sa_mask[0]=0x00000000, sa_flags=0x00000000


---------------  S Y S T E M  ---------------

OS:Ubuntu 14.04 (trusty)
uname:Linux 3.13.0-44-generic #73-Ubuntu SMP Tue Dec 16 00:22:43 UTC 2014 x86_64
libc:glibc 2.19 NPTL 2.19 
rlimit: STACK 8192k, CORE 0k, NPROC 7862, NOFILE 8192, AS infinity
load average:1.62 1.28 1.20

/proc/meminfo:
MemTotal:        1016292 kB
MemFree:           60556 kB
Buffers:            2528 kB
Cached:            22820 kB
SwapCached:            0 kB
Active:           903608 kB
Inactive:          12508 kB
Active(anon):     890936 kB
Inactive(anon):      608 kB
Active(file):      12672 kB
Inactive(file):    11900 kB
Unevictable:           0 kB
Mlocked:               0 kB
SwapTotal:             0 kB
SwapFree:              0 kB
Dirty:              1116 kB
Writeback:             0 kB
AnonPages:        890860 kB
Mapped:            11824 kB
Shmem:               720 kB
Slab:              20384 kB
SReclaimable:       9824 kB
SUnreclaim:        10560 kB
KernelStack:        1584 kB
PageTables:         5152 kB
NFS_Unstable:          0 kB
Bounce:                0 kB
WritebackTmp:          0 kB
CommitLimit:      508144 kB
Committed_AS:    1398220 kB
VmallocTotal:   34359738367 kB
VmallocUsed:        2328 kB
VmallocChunk:   34359732491 kB
HardwareCorrupted:     0 kB
AnonHugePages:    673792 kB
HugePages_Total:       0
HugePages_Free:        0
HugePages_Rsvd:        0
HugePages_Surp:        0
Hugepagesize:       2048 kB
DirectMap4k:       26624 kB
DirectMap2M:     1153024 kB


CPU:total 1 (1 cores per cpu, 1 threads per core) family 6 model 62 stepping 4, cmov, cx8, fxsr, mmx, sse, sse2, sse3, ssse3, sse4.1, sse4.2, popcnt, avx, aes, erms, tsc

/proc/cpuinfo:
processor	: 0
vendor_id	: GenuineIntel
cpu family	: 6
model		: 62
model name	: Intel(R) Xeon(R) CPU E5-2670 v2 @ 2.50GHz
stepping	: 4
microcode	: 0x416
cpu MHz		: 2500.054
cache size	: 25600 KB
physical id	: 0
siblings	: 1
core id		: 0
cpu cores	: 1
apicid		: 0
initial apicid	: 0
fpu		: yes
fpu_exception	: yes
cpuid level	: 13
wp		: yes
flags		: fpu vme de pse tsc msr pae mce cx8 apic sep mtrr pge mca cmov pat pse36 clflush mmx fxsr sse sse2 ht syscall nx rdtscp lm constant_tsc rep_good nopl xtopology eagerfpu pni pclmulqdq ssse3 cx16 pcid sse4_1 sse4_2 x2apic popcnt tsc_deadline_timer aes xsave avx f16c rdrand hypervisor lahf_lm xsaveopt fsgsbase smep erms
bogomips	: 5000.10
clflush size	: 64
cache_alignment	: 64
address sizes	: 46 bits physical, 48 bits virtual
power management:



Memory: 4k page, physical 1016292k(60556k free), swap 0k(0k free)

vm_info: OpenJDK 64-Bit Server VM (24.75-b04) for linux-amd64 JRE (1.7.0_75-b13), built on Jan 27 2015 00:38:59 by "buildd" with gcc 4.8.2

time: Wed Oct  7 18:16:35 2015
elapsed time: 0 seconds

